# JRE version: OpenJDK Runtime Environment (8.0_152-b06) (build 1.8.0_152-release-1136-b06)
# Java VM: OpenJDK 64-Bit Server VM (25.152-b06 mixed mode windows-amd64 compressed oops)
Heap:
 PSYoungGen      total 175616K, used 41877K [0x000000078ab00000, 0x0000000799500000, 0x00000007c0000000)
  eden space 118784K, 0% used [0x000000078ab00000,0x000000078ab00000,0x0000000791f00000)
  from space 56832K, 73% used [0x0000000792200000,0x0000000794ae57e8,0x0000000795980000)
  to   space 60416K, 0% used [0x0000000795a00000,0x0000000795a00000,0x0000000799500000)
 ParOldGen       total 134656K, used 50120K [0x0000000720000000, 0x0000000728380000, 0x000000078ab00000)
  object space 134656K, 37% used [0x0000000720000000,0x00000007230f2020,0x0000000728380000)
 Metaspace       used 92393K, capacity 98206K, committed 98380K, reserved 1134592K
  class space    used 11785K, capacity 13069K, committed 13184K, reserved 1048576K
GC Heap History (10 events):
Event: 20142.006 GC heap after
Heap after GC invocations=28 (full 3):
 PSYoungGen      total 167936K, used 29310K [0x000000078ab00000, 0x0000000797d00000, 0x00000007c0000000)
  eden space 138240K, 0% used [0x000000078ab00000,0x000000078ab00000,0x0000000793200000)
  from space 29696K, 98% used [0x0000000793600000,0x000000079529f880,0x0000000795300000)
  to   space 38400K, 0% used [0x0000000795780000,0x0000000795780000,0x0000000797d00000)
 ParOldGen       total 134656K, used 47238K [0x0000000720000000, 0x0000000728380000, 0x000000078ab00000)
  object space 134656K, 35% used [0x0000000720000000,0x0000000722e21920,0x0000000728380000)
 Metaspace       used 91224K, capacity 96640K, committed 96768K, reserved 1132544K
  class space    used 11699K, capacity 12940K, committed 13056K, reserved 1048576K
}
Event: 21697.951 GC heap before
{Heap before GC invocations=29 (full 3):
 PSYoungGen      total 167936K, used 167550K [0x000000078ab00000, 0x0000000797d00000, 0x00000007c0000000)
  eden space 138240K, 100% used [0x000000078ab00000,0x0000000793200000,0x0000000793200000)
  from space 29696K, 98% used [0x0000000793600000,0x000000079529f880,0x0000000795300000)
  to   space 38400K, 0% used [0x0000000795780000,0x0000000795780000,0x0000000797d00000)
 ParOldGen       total 134656K, used 47238K [0x0000000720000000, 0x0000000728380000, 0x000000078ab00000)
  object space 134656K, 35% used [0x0000000720000000,0x0000000722e21920,0x0000000728380000)
 Metaspace       used 91847K, capacity 97522K, committed 97792K, reserved 1134592K
  class space    used 11753K, capacity 13019K, committed 13056K, reserved 1048576K
Event: 21697.977 GC heap after
Heap after GC invocations=29 (full 3):
 PSYoungGen      total 170496K, used 38395K [0x000000078ab00000, 0x0000000798500000, 0x00000007c0000000)
  eden space 132096K, 0% used [0x000000078ab00000,0x000000078ab00000,0x0000000792c00000)
  from space 38400K, 99% used [0x0000000795780000,0x0000000797cfee80,0x0000000797d00000)
  to   space 44544K, 0% used [0x0000000792c00000,0x0000000792c00000,0x0000000795780000)
 ParOldGen       total 134656K, used 49347K [0x0000000720000000, 0x0000000728380000, 0x000000078ab00000)
  object space 134656K, 36% used [0x0000000720000000,0x0000000723030f90,0x0000000728380000)
 Metaspace       used 91847K, capacity 97522K, committed 97792K, reserved 1134592K
  class space    used 11753K, capacity 13019K, committed 13056K, reserved 1048576K
}
Event: 21713.149 GC heap before
{Heap before GC invocations=30 (full 3):
 PSYoungGen      total 170496K, used 170491K [0x000000078ab00000, 0x0000000798500000, 0x00000007c0000000)
  eden space 132096K, 100% used [0x000000078ab00000,0x0000000792c00000,0x0000000792c00000)
  from space 38400K, 99% used [0x0000000795780000,0x0000000797cfee80,0x0000000797d00000)
  to   space 44544K, 0% used [0x0000000792c00000,0x0000000792c00000,0x0000000795780000)
 ParOldGen       total 134656K, used 49347K [0x0000000720000000, 0x0000000728380000, 0x000000078ab00000)
  object space 134656K, 36% used [0x0000000720000000,0x0000000723030f90,0x0000000728380000)
 Metaspace       used 92171K, capacity 97990K, committed 98176K, reserved 1134592K
  class space    used 11780K, capacity 13065K, committed 13184K, reserved 1048576K
Event: 21713.172 GC heap after
Heap after GC invocations=30 (full 3):
 PSYoungGen      total 173056K, used 41473K [0x000000078ab00000, 0x0000000798a80000, 0x00000007c0000000)
  eden space 128512K, 0% used [0x000000078ab00000,0x000000078ab00000,0x0000000792880000)
  from space 44544K, 93% used [0x0000000792c00000,0x0000000795480688,0x0000000795780000)
  to   space 50176K, 0% used [0x0000000795980000,0x0000000795980000,0x0000000798a80000)
 ParOldGen       total 134656K, used 50104K [0x0000000720000000, 0x0000000728380000, 0x000000078ab00000)
  object space 134656K, 37% used [0x0000000720000000,0x00000007230ee020,0x0000000728380000)
 Metaspace       used 92171K, capacity 97990K, committed 98176K, reserved 1134592K
  class space    used 11780K, capacity 13065K, committed 13184K, reserved 1048576K
}
Event: 21717.105 GC heap before
{Heap before GC invocations=31 (full 3):
 PSYoungGen      total 173056K, used 169985K [0x000000078ab00000, 0x0000000798a80000, 0x00000007c0000000)
  eden space 128512K, 100% used [0x000000078ab00000,0x0000000792880000,0x0000000792880000)
  from space 44544K, 93% used [0x0000000792c00000,0x0000000795480688,0x0000000795780000)
  to   space 50176K, 0% used [0x0000000795980000,0x0000000795980000,0x0000000798a80000)
 ParOldGen       total 134656K, used 50104K [0x0000000720000000, 0x0000000728380000, 0x000000078ab00000)
  object space 134656K, 37% used [0x0000000720000000,0x00000007230ee020,0x0000000728380000)
 Metaspace       used 92301K, capacity 98142K, committed 98380K, reserved 1134592K
  class space    used 11784K, capacity 13069K, committed 13184K, reserved 1048576K
Event: 21717.126 GC heap after
Heap after GC invocations=31 (full 3):
 PSYoungGen      total 172032K, used 48038K [0x000000078ab00000, 0x0000000799400000, 0x00000007c0000000)
  eden space 121856K, 0% used [0x000000078ab00000,0x000000078ab00000,0x0000000792200000)
  from space 50176K, 95% used [0x0000000795980000,0x00000007988699c0,0x0000000798a80000)
  to   space 56832K, 0% used [0x0000000792200000,0x0000000792200000,0x0000000795980000)
 ParOldGen       total 134656K, used 50112K [0x0000000720000000, 0x0000000728380000, 0x000000078ab00000)
  object space 134656K, 37% used [0x0000000720000000,0x00000007230f0020,0x0000000728380000)
 Metaspace       used 92301K, capacity 98142K, committed 98380K, reserved 1134592K
  class space    used 11784K, capacity 13069K, committed 13184K, reserved 1048576K
}
Event: 21718.484 GC heap before
{Heap before GC invocations=32 (full 3):
 PSYoungGen      total 172032K, used 124294K [0x000000078ab00000, 0x0000000799400000, 0x00000007c0000000)
  eden space 121856K, 62% used [0x000000078ab00000,0x000000078f577fd8,0x0000000792200000)
  from space 50176K, 95% used [0x0000000795980000,0x00000007988699c0,0x0000000798a80000)
  to   space 56832K, 0% used [0x0000000792200000,0x0000000792200000,0x0000000795980000)
 ParOldGen       total 134656K, used 50112K [0x0000000720000000, 0x0000000728380000, 0x000000078ab00000)
  object space 134656K, 37% used [0x0000000720000000,0x00000007230f0020,0x0000000728380000)
 Metaspace       used 92393K, capacity 98206K, committed 98380K, reserved 1134592K
  class space    used 11785K, capacity 13069K, committed 13184K, reserved 1048576K
Event: 21718.500 GC heap after
Heap after GC invocations=32 (full 3):
 PSYoungGen      total 175616K, used 41877K [0x000000078ab00000, 0x0000000799500000, 0x00000007c0000000)
  eden space 118784K, 0% used [0x000000078ab00000,0x000000078ab00000,0x0000000791f00000)
  from space 56832K, 73% used [0x0000000792200000,0x0000000794ae57e8,0x0000000795980000)
  to   space 60416K, 0% used [0x0000000795a00000,0x0000000795a00000,0x0000000799500000)
 ParOldGen       total 134656K, used 50120K [0x0000000720000000, 0x0000000728380000, 0x000000078ab00000)
  object space 134656K, 37% used [0x0000000720000000,0x00000007230f2020,0x0000000728380000)
 Metaspace       used 92393K, capacity 98206K, committed 98380K, reserved 1134592K
  class space    used 11785K, capacity 13069K, committed 13184K, reserved 1048576K
}
Event: 21718.500 GC heap before
{Heap before GC invocations=33 (full 4):
 PSYoungGen      total 175616K, used 41877K [0x000000078ab00000, 0x0000000799500000, 0x00000007c0000000)
  eden space 118784K, 0% used [0x000000078ab00000,0x000000078ab00000,0x0000000791f00000)
  from space 56832K, 73% used [0x0000000792200000,0x0000000794ae57e8,0x0000000795980000)
  to   space 60416K, 0% used [0x0000000795a00000,0x0000000795a00000,0x0000000799500000)
 ParOldGen       total 134656K, used 50120K [0x0000000720000000, 0x0000000728380000, 0x000000078ab00000)
  object space 134656K, 37% used [0x0000000720000000,0x00000007230f2020,0x0000000728380000)
 Metaspace       used 92393K, capacity 98206K, committed 98380K, reserved 1134592K
  class space    used 11785K, capacity 13069K, committed 13184K, reserved 1048576K

